<?xml version="1.0" encoding="UTF-8"?>
<!-- Generated by org.testng.reporters.JUnitReportReporter -->
<testsuite skipped="0" hostname="Junyong" name="de.learnlib.algorithms.rpni.EDSMScoreTest" tests="1" failures="0" timestamp="19 4ì›” 2018 08:22:44 GMT" time="0.041" errors="0">
  <testcase name="testValue" time="0.041" classname="de.learnlib.algorithms.rpni.EDSMScoreTest"/>
</testsuite> <!-- de.learnlib.algorithms.rpni.EDSMScoreTest -->
