<?xml version="1.0" encoding="UTF-8"?>
<!-- Generated by org.testng.reporters.JUnitReportReporter -->
<testsuite skipped="0" hostname="Junyong" name="de.learnlib.util.ExperimentTest" tests="1" failures="0" timestamp="19 4ì›” 2018 08:21:53 GMT" time="0.157" errors="0">
  <testcase name="testExperiment" time="0.157" classname="de.learnlib.util.ExperimentTest"/>
</testsuite> <!-- de.learnlib.util.ExperimentTest -->
