<?xml version="1.0" encoding="UTF-8"?>
<!-- Generated by org.testng.reporters.JUnitReportReporter -->
<testsuite skipped="0" hostname="Junyong" name="de.learnlib.algorithms.lstar.LStarDFATest" tests="1" failures="0" timestamp="19 4ì›” 2018 08:22:31 GMT" time="0.351" errors="0">
  <testcase name="testLStar" time="0.351" classname="de.learnlib.algorithms.lstar.LStarDFATest"/>
</testsuite> <!-- de.learnlib.algorithms.lstar.LStarDFATest -->
