<?xml version="1.0" encoding="UTF-8"?>
<!-- Generated by org.testng.reporters.JUnitReportReporter -->
<testsuite skipped="0" hostname="Junyong" name="de.learnlib.oracle.membership.SimulatorOmegaOracleTest" tests="1" failures="0" timestamp="19 4ì›” 2018 08:21:57 GMT" time="0.153" errors="0">
  <testcase name="testDFASimulatorOmegaOracle" time="0.153" classname="de.learnlib.oracle.membership.SimulatorOmegaOracleTest"/>
</testsuite> <!-- de.learnlib.oracle.membership.SimulatorOmegaOracleTest -->
