<?xml version="1.0" encoding="UTF-8"?>
<!-- Generated by org.testng.reporters.JUnitReportReporter -->
<testsuite skipped="0" hostname="Junyong" name="de.learnlib.setting.LearnLibSettingsTest" tests="1" failures="0" timestamp="19 4ì›” 2018 08:21:47 GMT" time="0.114" errors="0">
  <testcase name="testProperties" time="0.114" classname="de.learnlib.setting.LearnLibSettingsTest"/>
</testsuite> <!-- de.learnlib.setting.LearnLibSettingsTest -->
