<?xml version="1.0" encoding="UTF-8"?>
<!-- Generated by org.testng.reporters.JUnitReportReporter -->
<testsuite skipped="0" hostname="Junyong" name="de.learnlib.oracle.emptiness.AbstractLassoAutomatonEmptinessTest$MealyLassoMealyEmptinessOracleTest" tests="5" failures="0" timestamp="19 4ì›” 2018 08:22:57 GMT" time="0.038" errors="0">
  <testcase name="testFindCounterExample" time="0.001" classname="de.learnlib.oracle.emptiness.AbstractLassoAutomatonEmptinessTest$MealyLassoMealyEmptinessOracleTest"/>
  <testcase name="testAddWord" time="0.002" classname="de.learnlib.oracle.emptiness.AbstractLassoAutomatonEmptinessTest$MealyLassoMealyEmptinessOracleTest"/>
  <testcase name="testNextInput" time="0.000" classname="de.learnlib.oracle.emptiness.AbstractLassoAutomatonEmptinessTest$MealyLassoMealyEmptinessOracleTest"/>
  <testcase name="testPre" time="0.034" classname="de.learnlib.oracle.emptiness.AbstractLassoAutomatonEmptinessTest$MealyLassoMealyEmptinessOracleTest"/>
  <testcase name="testGetMaxWords" time="0.001" classname="de.learnlib.oracle.emptiness.AbstractLassoAutomatonEmptinessTest$MealyLassoMealyEmptinessOracleTest"/>
</testsuite> <!-- de.learnlib.oracle.emptiness.AbstractLassoAutomatonEmptinessTest$MealyLassoMealyEmptinessOracleTest -->
