<?xml version="1.0" encoding="UTF-8"?>
<!-- Generated by org.testng.reporters.JUnitReportReporter -->
<testsuite skipped="0" hostname="Junyong" name="de.learnlib.algorithms.adt.automaton.ADTHypothesisTest" tests="1" failures="0" timestamp="19 4ì›” 2018 08:22:08 GMT" time="0.078" errors="0">
  <testcase name="testAutomaton" time="0.078" classname="de.learnlib.algorithms.adt.automaton.ADTHypothesisTest"/>
</testsuite> <!-- de.learnlib.algorithms.adt.automaton.ADTHypothesisTest -->
