<?xml version="1.0" encoding="UTF-8"?>
<!-- Generated by org.testng.reporters.JUnitReportReporter -->
<testsuite skipped="0" hostname="Junyong" name="de.learnlib.filter.reuse.test.DomainKnowledgeTest" tests="3" failures="0" timestamp="19 4ì›” 2018 08:23:04 GMT" time="0.164" errors="0">
  <testcase name="testReuseNodePrefixWhileReusing" time="0.106" classname="de.learnlib.filter.reuse.test.DomainKnowledgeTest"/>
  <testcase name="testPumpSymbolsComplex" time="0.000" classname="de.learnlib.filter.reuse.test.DomainKnowledgeTest"/>
  <testcase name="testPumpSymbolsSimple" time="0.058" classname="de.learnlib.filter.reuse.test.DomainKnowledgeTest"/>
</testsuite> <!-- de.learnlib.filter.reuse.test.DomainKnowledgeTest -->
