<?xml version="1.0" encoding="UTF-8"?>
<!-- Generated by org.testng.reporters.JUnitReportReporter -->
<testsuite skipped="0" hostname="Junyong" name="de.learnlib.filter.reuse.test.LearningTest" tests="1" failures="0" timestamp="19 4ì›” 2018 08:23:04 GMT" time="0.074" errors="0">
  <testcase name="simpleTest" time="0.074" classname="de.learnlib.filter.reuse.test.LearningTest"/>
</testsuite> <!-- de.learnlib.filter.reuse.test.LearningTest -->
