<?xml version="1.0" encoding="UTF-8"?>
<!-- Generated by org.testng.reporters.JUnitReportReporter -->
<testsuite skipped="0" hostname="Junyong" name="de.learnlib.datastructure.pta.MergedAutomatonTest" tests="1" failures="0" timestamp="19 4ì›” 2018 08:22:40 GMT" time="0.163" errors="0">
  <testcase name="testMerge" time="0.163" classname="de.learnlib.datastructure.pta.MergedAutomatonTest"/>
</testsuite> <!-- de.learnlib.datastructure.pta.MergedAutomatonTest -->
